<?xml version="1.0" encoding="UTF-8"?>
<testsuite name="com.kodilla.sudoku.input.UserInputTests$UserInputConverterTestSuite" tests="1" skipped="0" failures="0" errors="0" timestamp="2023-04-26T17:17:24" hostname="DESKTOP-INEM7HQ" time="0.003">
  <properties/>
  <testcase name="testToSudokuElement()" classname="com.kodilla.sudoku.input.UserInputTests$UserInputConverterTestSuite" time="0.003"/>
  <system-out><![CDATA[]]></system-out>
  <system-err><![CDATA[]]></system-err>
</testsuite>
