<?xml version="1.0" encoding="UTF-8"?>
<testsuite name="com.kodilla.sudoku.solver.SudokuSolverTests" tests="7" skipped="0" failures="0" errors="0" timestamp="2023-04-26T17:17:24" hostname="DESKTOP-INEM7HQ" time="0.038">
  <properties/>
  <testcase name="testSudokuFill()" classname="com.kodilla.sudoku.solver.SudokuSolverTests" time="0.014"/>
  <testcase name="testAnaliseRows()" classname="com.kodilla.sudoku.solver.SudokuSolverTests" time="0.001"/>
  <testcase name="testSolveSudokuUntilBacktrack()" classname="com.kodilla.sudoku.solver.SudokuSolverTests" time="0.012"/>
  <testcase name="testAnaliseColumns()" classname="com.kodilla.sudoku.solver.SudokuSolverTests" time="0.001"/>
  <testcase name="testIsSolved()" classname="com.kodilla.sudoku.solver.SudokuSolverTests" time="0.001"/>
  <testcase name="testAnaliseSection()" classname="com.kodilla.sudoku.solver.SudokuSolverTests" time="0.0"/>
  <testcase name="testGuessValue()" classname="com.kodilla.sudoku.solver.SudokuSolverTests" time="0.007"/>
  <system-out><![CDATA[| |5|4| | | | | | |
| | | | |3| | | |9|
| | | | |7| | |2|1|
| | | | |8|2| | | |
|7| | | | | |9|5| |
|3| | | | | | |6| |
| |3| |4| |2| | | |
| |4|9|1| | | | | |
| | | |6| | |8| |3|
---------------------------
| |5|4| | | | | | |
| | | | |3| | | |9|
| | | | |7| | |2|1|
| | | | |8|2| | | |
|7| | |3| | |9|5| |
|3| | | | | | |6| |
| |3| |4| |2| | | |
| |4|9|1| | | | | |
| | | |6| | |8| |3|
---------------------------
| |5|4| | | | | | |
| | | | |3| | | |9|
| | | | |7| | |2|1|
| | | | |8|2| | | |
|7| | |3| | |9|5| |
|3| | | | | | |6| |
| |3| |4| |2| | | |
| |4|9|1|5| | | | |
| | | |6| | |8| |3|
---------------------------
| |5|4| | | | | | |
| | | | |3| | | |9|
| | | | |7| | |2|1|
| | | | |8|2| | | |
|7| | |3| | |9|5| |
|3| | | | | | |6| |
| |3| |4| |2| | | |
| |4|9|1|5| | |7| |
| | | |6| | |8| |3|
---------------------------
| |5|4| | | | | | |
| | | | |3| | | |9|
| | | | |7| | |2|1|
| | | | |8|2| | | |
|7| | |3| | |9|5| |
|3| | | | | | |6| |
| |3| |4| |2| | | |
| |4|9|1|5| | |7| |
| | | |6|9| |8| |3|
---------------------------
| |5|4| | | | | | |
| | | | |3| | | |9|
| | | | |7| | |2|1|
| | | | |8|2| | | |
|7| | |3| | |9|5| |
|3| | | | | | |6| |
| |3| |4| |2| | | |
| |4|9|1|5| | |7| |
| | | |6|9|7|8| |3|
---------------------------
| |5|4| | | | | | |
| | | | |3| | | |9|
| | | | |7| | |2|1|
| | | | |8|2| | | |
|7| | | | | |9|5| |
|3| | | | | | |6| |
| |3| |4| |2| | | |
| |4|9|1| | | | | |
| | | |6| | |8| |3|
---------------------------
| |5|4| | | | | | |
| | | | |3| | | |9|
| | | | |7| | |2|1|
| | | | |8|2| | | |
|7| | |3| | |9|5| |
|3| | | | | | |6| |
| |3| |4| |2| | | |
| |4|9|1| | | | | |
| | | |6| | |8| |3|
---------------------------
| |5|4| | | | | | |
| | | | |3| | | |9|
| | | | |7| | |2|1|
| | | | |8|2| | | |
|7| | |3| | |9|5| |
|3| | | | | | |6| |
| |3| |4| |2| | | |
| |4|9|1|5| | | | |
| | | |6| | |8| |3|
---------------------------
| |5|4| | | | | | |
| | | | |3| | | |9|
| | | | |7| | |2|1|
| | | | |8|2| | | |
|7| | |3| | |9|5| |
|3| | | | | | |6| |
| |3| |4| |2| | | |
| |4|9|1|5| | |7| |
| | | |6| | |8| |3|
---------------------------
| |5|4| | | | | | |
| | | | |3| | | |9|
| | | | |7| | |2|1|
| | | | |8|2| | | |
|7| | |3| | |9|5| |
|3| | | | | | |6| |
| |3| |4| |2| | | |
| |4|9|1|5| | |7| |
| | | |6|9| |8| |3|
---------------------------
| |5|4| | | | | | |
| | | | |3| | | |9|
| | | | |7| | |2|1|
| | | | |8|2| | | |
|7| | |3| | |9|5| |
|3| | | | | | |6| |
| |3| |4| |2| | | |
| |4|9|1|5| | |7| |
| | | |6|9|7|8| |3|
---------------------------
|1|5|4| | | | | | |
| | | | |3| | | |9|
| | | | |7| | |2|1|
| | | | |8|2| | | |
|7| | |3| | |9|5| |
|3| | | | | | |6| |
| |3| |4| |2| | | |
| |4|9|1|5| | |7| |
| | | |6|9|7|8| |3|
---------------------------
| |5|4| | | | | | |
| | | | |3| | | |9|
| | | | |7| | |2|1|
| | | | |8|2| | | |
|7| | | | | |9|5| |
|3| | | | | | |6| |
| |3| |4| |2| | | |
| |4|9|1| | | | | |
| | | |6| | |8| |3|
---------------------------
| |5|4| | | | | | |
| | | | |3| | | |9|
| | | | |7| | |2|1|
| | | | |8|2| | | |
|7| | |3| | |9|5| |
|3| | | | | | |6| |
| |3| |4| |2| | | |
| |4|9|1| | | | | |
| | | |6| | |8| |3|
---------------------------
| |5|4| | | | | | |
| | | | |3| | | |9|
| | | | |7| | |2|1|
| | | | |8|2| | | |
|7| | |3| | |9|5| |
|3| | | | | | |6| |
| |3| |4| |2| | | |
| |4|9|1|5| | | | |
| | | |6| | |8| |3|
---------------------------
| |5|4| | | | | | |
| | | | |3| | | |9|
| | | | |7| | |2|1|
| | | | |8|2| | | |
|7| | |3| | |9|5| |
|3| | | | | | |6| |
| |3| |4| |2| | | |
| |4|9|1|5| | |7| |
| | | |6| | |8| |3|
---------------------------
| |5|4| | | | | | |
| | | | |3| | | |9|
| | | | |7| | |2|1|
| | | | |8|2| | | |
|7| | |3| | |9|5| |
|3| | | | | | |6| |
| |3| |4| |2| | | |
| |4|9|1|5| | |7| |
| | | |6|9| |8| |3|
---------------------------
| |5|4| | | | | | |
| | | | |3| | | |9|
| | | | |7| | |2|1|
| | | | |8|2| | | |
|7| | |3| | |9|5| |
|3| | | | | | |6| |
| |3| |4| |2| | | |
| |4|9|1|5| | |7| |
| | | |6|9|7|8| |3|
---------------------------
|1|5|4| | | | | | |
| | | | |3| | | |9|
| | | | |7| | |2|1|
| | | | |8|2| | | |
|7| | |3| | |9|5| |
|3| | | | | | |6| |
| |3| |4| |2| | | |
| |4|9|1|5| | |7| |
| | | |6|9|7|8| |3|
---------------------------
]]></system-out>
  <system-err><![CDATA[]]></system-err>
</testsuite>
