<?xml version="1.0" encoding="UTF-8"?>
<testsuite name="com.kodilla.sudoku.board.BoardTests$SudokuElementTestSuite" tests="3" skipped="0" failures="0" errors="0" timestamp="2023-04-26T17:17:24" hostname="DESKTOP-INEM7HQ" time="0.005">
  <properties/>
  <testcase name="testDeepCopy()" classname="com.kodilla.sudoku.board.BoardTests$SudokuElementTestSuite" time="0.0"/>
  <testcase name="testRemoveFromPossibleValues()" classname="com.kodilla.sudoku.board.BoardTests$SudokuElementTestSuite" time="0.002"/>
  <testcase name="testSetValue()" classname="com.kodilla.sudoku.board.BoardTests$SudokuElementTestSuite" time="0.001"/>
  <system-out><![CDATA[]]></system-out>
  <system-err><![CDATA[]]></system-err>
</testsuite>
