<?xml version="1.0" encoding="UTF-8"?>
<testsuite name="com.kodilla.sudoku.board.BoardTestSuite$SudokuRowTestSuite" tests="1" skipped="0" failures="0" errors="0" timestamp="2023-02-19T14:08:50" hostname="DESKTOP-INEM7HQ" time="0.017">
  <properties/>
  <testcase name="testDeepCopy()" classname="com.kodilla.sudoku.board.BoardTestSuite$SudokuRowTestSuite" time="0.017"/>
  <system-out><![CDATA[]]></system-out>
  <system-err><![CDATA[]]></system-err>
</testsuite>
