<?xml version="1.0" encoding="UTF-8"?>
<testsuite name="com.kodilla.sudoku.board.BoardTests$SudokuBoardTestSuite" tests="2" skipped="0" failures="0" errors="0" timestamp="2023-04-26T17:17:24" hostname="DESKTOP-INEM7HQ" time="0.023">
  <properties/>
  <testcase name="testAddElement()" classname="com.kodilla.sudoku.board.BoardTests$SudokuBoardTestSuite" time="0.021"/>
  <testcase name="testDeepCopy()" classname="com.kodilla.sudoku.board.BoardTests$SudokuBoardTestSuite" time="0.001"/>
  <system-out><![CDATA[]]></system-out>
  <system-err><![CDATA[]]></system-err>
</testsuite>
