<?xml version="1.0" encoding="UTF-8"?>
<testsuite name="com.kodilla.sudoku.solver.SudokuSolverTests" tests="1" skipped="0" failures="0" errors="0" timestamp="2023-04-26T13:14:00" hostname="DESKTOP-INEM7HQ" time="0.034">
  <properties/>
  <testcase name="testSolveSudokuUntilBacktrack()" classname="com.kodilla.sudoku.solver.SudokuSolverTests" time="0.034"/>
  <system-out><![CDATA[-1| 5| 4|-1|-1|-1|-1|-1|-1
-1|-1|-1|-1| 3|-1|-1|-1| 9
-1|-1|-1|-1| 7|-1|-1| 2| 1
-1|-1|-1|-1| 8| 2|-1|-1|-1
 7|-1|-1|-1|-1|-1| 9| 5|-1
 3|-1|-1|-1|-1|-1|-1| 6|-1
-1| 3|-1| 4| 2|-1|-1|-1|-1
-1| 4| 9| 1|-1|-1|-1|-1|-1
-1|-1|-1| 6|-1|-1| 8|-1| 3
---------------------------
-1| 5| 4|-1|-1|-1|-1|-1|-1
-1|-1|-1|-1| 3|-1|-1|-1| 9
-1|-1|-1|-1| 7|-1|-1| 2| 1
-1|-1|-1|-1| 8| 2|-1|-1|-1
 7|-1|-1| 3|-1|-1| 9| 5|-1
 3|-1|-1|-1|-1|-1|-1| 6|-1
-1| 3|-1| 4| 2|-1|-1|-1|-1
-1| 4| 9| 1|-1|-1|-1|-1|-1
-1|-1|-1| 6|-1|-1| 8|-1| 3
---------------------------
-1| 5| 4|-1|-1|-1|-1|-1|-1
-1|-1|-1|-1| 3|-1|-1|-1| 9
-1|-1|-1|-1| 7|-1|-1| 2| 1
-1|-1|-1|-1| 8| 2|-1|-1|-1
 7|-1|-1| 3|-1|-1| 9| 5|-1
 3|-1|-1|-1|-1|-1|-1| 6|-1
-1| 3|-1| 4| 2|-1|-1|-1|-1
-1| 4| 9| 1| 5|-1|-1|-1|-1
-1|-1|-1| 6|-1|-1| 8|-1| 3
---------------------------
-1| 5| 4|-1|-1|-1|-1|-1|-1
-1|-1|-1|-1| 3|-1|-1|-1| 9
-1|-1|-1|-1| 7|-1|-1| 2| 1
-1|-1|-1|-1| 8| 2|-1|-1|-1
 7|-1|-1| 3|-1|-1| 9| 5|-1
 3|-1|-1|-1|-1|-1|-1| 6|-1
-1| 3|-1| 4| 2|-1|-1|-1|-1
-1| 4| 9| 1| 5|-1|-1| 7|-1
-1|-1|-1| 6|-1|-1| 8|-1| 3
---------------------------
-1| 5| 4|-1|-1|-1|-1|-1|-1
-1|-1|-1|-1| 3|-1|-1|-1| 9
-1|-1|-1|-1| 7|-1|-1| 2| 1
-1|-1|-1|-1| 8| 2|-1|-1|-1
 7|-1|-1| 3|-1|-1| 9| 5|-1
 3|-1|-1|-1|-1|-1|-1| 6|-1
-1| 3|-1| 4| 2|-1|-1|-1|-1
-1| 4| 9| 1| 5|-1|-1| 7|-1
-1|-1|-1| 6| 9|-1| 8|-1| 3
---------------------------
-1| 5| 4|-1|-1|-1|-1|-1|-1
-1|-1|-1|-1| 3|-1|-1|-1| 9
-1|-1|-1|-1| 7|-1|-1| 2| 1
-1|-1|-1|-1| 8| 2|-1|-1|-1
 7|-1|-1| 3|-1|-1| 9| 5|-1
 3|-1|-1|-1|-1|-1|-1| 6|-1
-1| 3|-1| 4| 2|-1|-1|-1|-1
-1| 4| 9| 1| 5|-1|-1| 7|-1
-1|-1|-1| 6| 9| 7| 8|-1| 3
---------------------------
-1| 5| 4|-1|-1|-1|-1|-1|-1
-1|-1|-1|-1| 3|-1|-1|-1| 9
-1|-1|-1|-1| 7|-1|-1| 2| 1
-1|-1|-1|-1| 8| 2|-1|-1|-1
 7|-1|-1| 3|-1|-1| 9| 5|-1
 3|-1|-1|-1|-1|-1|-1| 6|-1
-1| 3|-1| 4| 2| 8|-1|-1|-1
-1| 4| 9| 1| 5|-1|-1| 7|-1
-1|-1|-1| 6| 9| 7| 8|-1| 3
---------------------------
-1| 5| 4|-1|-1|-1|-1|-1|-1
-1|-1|-1|-1| 3|-1|-1|-1| 9
-1|-1|-1|-1| 7|-1|-1| 2| 1
-1|-1|-1|-1| 8| 2|-1|-1|-1
 7|-1|-1| 3|-1|-1| 9| 5|-1
 3|-1|-1|-1|-1|-1|-1| 6|-1
-1| 3|-1| 4| 2| 8|-1|-1|-1
-1| 4| 9| 1| 5| 3|-1| 7|-1
-1|-1|-1| 6| 9| 7| 8|-1| 3
---------------------------
]]></system-out>
  <system-err><![CDATA[]]></system-err>
</testsuite>
